
        /'___\  /'___\           /'___\       
       /\ \__/ /\ \__/  __  __  /\ \__/       
       \ \ ,__\\ \ ,__\/\ \/\ \ \ \ ,__\      
        \ \ \_/ \ \ \_/\ \ \_\ \ \ \ \_/      
         \ \_\   \ \_\  \ \____/  \ \_\       
          \/_/    \/_/   \/___/    \/_/       

       v1.1.0
________________________________________________

 :: Method           : GET
 :: URL              : http://10.10.102.115:65524/FUZZ
 :: Wordlist         : FUZZ: ../../Web/Wordlists/directoryBruteForce/directory-list-2.3-medium.txt
 :: Follow redirects : false
 :: Calibration      : false
 :: Timeout          : 10
 :: Threads          : 40
 :: Matcher          : Response status: 200,204,301,302,307,401,403
________________________________________________

[2K# license, visit http://creativecommons.org/licenses/by-sa/3.0/  [Status: 200, Size: 10818, Words: 3441, Lines: 371]
[2K                        [Status: 200, Size: 10818, Words: 3441, Lines: 371]
[2K# This work is licensed under the Creative Commons  [Status: 200, Size: 10818, Words: 3441, Lines: 371]
[2K# on atleast 2 different hosts [Status: 200, Size: 10818, Words: 3441, Lines: 371]
[2K# Copyright 2007 James Fisher [Status: 200, Size: 10818, Words: 3441, Lines: 371]
[2K#                       [Status: 200, Size: 10818, Words: 3441, Lines: 371]
[2K#                       [Status: 200, Size: 10818, Words: 3441, Lines: 371]
[2K# Attribution-Share Alike 3.0 License. To view a copy of this  [Status: 200, Size: 10818, Words: 3441, Lines: 371]
[2K# Priority ordered case sensative list, where entries were found  [Status: 200, Size: 10818, Words: 3441, Lines: 371]
[2K# or send a letter to Creative Commons, 171 Second Street,  [Status: 200, Size: 10818, Words: 3441, Lines: 371]
[2K# directory-list-2.3-medium.txt [Status: 200, Size: 10818, Words: 3441, Lines: 371]
[2K#                       [Status: 200, Size: 10818, Words: 3441, Lines: 371]
[2K# Suite 300, San Francisco, California, 94105, USA. [Status: 200, Size: 10818, Words: 3441, Lines: 371]
[2K#                       [Status: 200, Size: 10818, Words: 3441, Lines: 371]
[2K                        [Status: 200, Size: 10818, Words: 3441, Lines: 371]
[2Kserver-status           [Status: 403, Size: 281, Words: 20, Lines: 10]
