# Nmap 7.91 scan initiated Wed Feb 24 23:59:41 2021 as: nmap -p 80,6498,65524 -sCV -A -oN nmap.log 10.10.102.115
Nmap scan report for 10.10.102.115
Host is up (0.25s latency).

PORT      STATE SERVICE VERSION
80/tcp    open  http    nginx 1.16.1
| http-robots.txt: 1 disallowed entry 
|_/
|_http-server-header: nginx/1.16.1
|_http-title: Welcome to nginx!
6498/tcp  open  ssh     OpenSSH 7.6p1 Ubuntu 4ubuntu0.3 (Ubuntu Linux; protocol 2.0)
| ssh-hostkey: 
|   2048 30:4a:2b:22:ac:d9:56:09:f2:da:12:20:57:f4:6c:d4 (RSA)
|   256 bf:86:c9:c7:b7:ef:8c:8b:b9:94:ae:01:88:c0:85:4d (ECDSA)
|_  256 a1:72:ef:6c:81:29:13:ef:5a:6c:24:03:4c:fe:3d:0b (ED25519)
65524/tcp open  http    Apache httpd 2.4.43 ((Ubuntu))
| http-robots.txt: 1 disallowed entry 
|_/
|_http-server-header: Apache/2.4.43 (Ubuntu)
|_http-title: Apache2 Debian Default Page: It works
Warning: OSScan results may be unreliable because we could not find at least 1 open and 1 closed port
Aggressive OS guesses: Linux 3.1 (95%), Linux 3.2 (95%), AXIS 210A or 211 Network Camera (Linux 2.6.17) (94%), ASUS RT-N56U WAP (Linux 3.4) (93%), Linux 3.16 (93%), Linux 2.6.32 (92%), Linux 2.6.39 - 3.2 (92%), Linux 3.1 - 3.2 (92%), Linux 3.2 - 4.9 (92%), Linux 3.7 - 3.10 (92%)
No exact OS matches for host (test conditions non-ideal).
Network Distance: 2 hops
Service Info: OS: Linux; CPE: cpe:/o:linux:linux_kernel

TRACEROUTE (using port 80/tcp)
HOP RTT       ADDRESS
1   244.49 ms 10.8.0.1
2   244.61 ms 10.10.102.115

OS and Service detection performed. Please report any incorrect results at https://nmap.org/submit/ .
# Nmap done at Thu Feb 25 00:00:13 2021 -- 1 IP address (1 host up) scanned in 33.19 seconds
