# Nmap 7.91 scan initiated Tue Feb 23 13:18:47 2021 as: nmap -sCV -A -oN nmap.log 10.10.20.200
Nmap scan report for 10.10.20.200
Host is up (0.26s latency).
Not shown: 967 filtered ports, 30 closed ports
PORT   STATE SERVICE VERSION
21/tcp open  ftp     vsftpd 3.0.3
| ftp-anon: Anonymous FTP login allowed (FTP code 230)
|_Can't get directory listing: TIMEOUT
| ftp-syst: 
|   STAT: 
| FTP server status:
|      Connected to ::ffff:10.8.118.82
|      Logged in as ftp
|      TYPE: ASCII
|      No session bandwidth limit
|      Session timeout in seconds is 300
|      Control connection is plain text
|      Data connections will be plain text
|      At session startup, client count was 3
|      vsFTPd 3.0.3 - secure, fast, stable
|_End of status
22/tcp open  ssh     OpenSSH 7.2p2 Ubuntu 4ubuntu2.8 (Ubuntu Linux; protocol 2.0)
| ssh-hostkey: 
|   2048 dc:f8:df:a7:a6:00:6d:18:b0:70:2b:a5:aa:a6:14:3e (RSA)
|   256 ec:c0:f2:d9:1e:6f:48:7d:38:9a:e3:bb:08:c4:0c:c9 (ECDSA)
|_  256 a4:1a:15:a5:d4:b1:cf:8f:16:50:3a:7d:d0:d8:13:c2 (ED25519)
80/tcp open  http    Apache httpd 2.4.18 ((Ubuntu))
|_http-server-header: Apache/2.4.18 (Ubuntu)
|_http-title: Site doesn't have a title (text/html).
Aggressive OS guesses: HP P2000 G3 NAS device (91%), Linux 2.6.32 (90%), Linux 2.6.32 - 3.1 (90%), Infomir MAG-250 set-top box (90%), Ubiquiti AirMax NanoStation WAP (Linux 2.6.32) (90%), Linux 3.7 (90%), Linux 5.0 (90%), Linux 5.1 (90%), Ubiquiti AirOS 5.5.9 (90%), Linux 5.0 - 5.4 (89%)
No exact OS matches for host (test conditions non-ideal).
Network Distance: 2 hops
Service Info: OSs: Unix, Linux; CPE: cpe:/o:linux:linux_kernel

TRACEROUTE (using port 49999/tcp)
HOP RTT       ADDRESS
1   306.29 ms 10.8.0.1
2   306.97 ms 10.10.20.200

OS and Service detection performed. Please report any incorrect results at https://nmap.org/submit/ .
# Nmap done at Tue Feb 23 13:19:50 2021 -- 1 IP address (1 host up) scanned in 63.39 seconds
