
        /'___\  /'___\           /'___\       
       /\ \__/ /\ \__/  __  __  /\ \__/       
       \ \ ,__\\ \ ,__\/\ \/\ \ \ \ ,__\      
        \ \ \_/ \ \ \_/\ \ \_\ \ \ \ \_/      
         \ \_\   \ \_\  \ \____/  \ \_\       
          \/_/    \/_/   \/___/    \/_/       

       v1.1.0
________________________________________________

 :: Method           : GET
 :: URL              : http://vulnnet.thm
 :: Wordlist         : FUZZ: ../../Web/Wordlists/subdomain/2m+subdomains
 :: Header           : Host: FUZZ.vulnnet.thm
 :: Follow redirects : false
 :: Calibration      : false
 :: Timeout          : 10
 :: Threads          : 40
 :: Matcher          : Response status: 200,204,301,302,307,401,403
 :: Filter           : Response size: 5829
________________________________________________

[2Kbroadcast               [Status: 401, Size: 468, Words: 42, Lines: 15]
[2KBroadCast               [Status: 401, Size: 468, Words: 42, Lines: 15]
[2KBroadcast               [Status: 401, Size: 468, Words: 42, Lines: 15]
[2KBROADCAST               [Status: 401, Size: 468, Words: 42, Lines: 15]
[2KPitisan                 [Status: 200, Size: 0, Words: 1, Lines: 1]
