Starting enum4linux v0.8.9 ( http://labs.portcullis.co.uk/application/enum4linux/ ) on Tue Feb 23 08:50:27 2021

 ========================== 
|    Target Information    |
 ========================== 
Target ........... 10.10.16.124
RID Range ........ 500-550,1000-1050
Username ......... ''
Password ......... ''
Known Usernames .. administrator, guest, krbtgt, domain admins, root, bin, none


 ==================================================== 
|    Enumerating Workgroup/Domain on 10.10.16.124    |
 ==================================================== 
[+] Got domain/workgroup name: WORKGROUP

 ============================================ 
|    Nbtstat Information for 10.10.16.124    |
 ============================================ 
Looking up status of 10.10.16.124
	JON-PC          <00> -         B <ACTIVE>  Workstation Service
	WORKGROUP       <00> - <GROUP> B <ACTIVE>  Domain/Workgroup Name
	JON-PC          <20> -         B <ACTIVE>  File Server Service
	WORKGROUP       <1e> - <GROUP> B <ACTIVE>  Browser Service Elections
	WORKGROUP       <1d> -         B <ACTIVE>  Master Browser
	..__MSBROWSE__. <01> - <GROUP> B <ACTIVE>  Master Browser

	MAC Address = 02-FE-F0-83-91-BF

 ===================================== 
|    Session Check on 10.10.16.124    |
 ===================================== 
[+] Server 10.10.16.124 allows sessions using username '', password ''

 =========================================== 
|    Getting domain SID for 10.10.16.124    |
 =========================================== 
Could not initialise lsarpc. Error was NT_STATUS_ACCESS_DENIED
[+] Can't determine if host is part of domain or part of a workgroup

 ====================================== 
|    OS information on 10.10.16.124    |
 ====================================== 
[+] Got OS info for 10.10.16.124 from smbclient: 
[+] Got OS info for 10.10.16.124 from srvinfo:
Could not initialise srvsvc. Error was NT_STATUS_ACCESS_DENIED

 ============================= 
|    Users on 10.10.16.124    |
 ============================= 
[E] Couldn't find users using querydispinfo: NT_STATUS_ACCESS_DENIED

[E] Couldn't find users using enumdomusers: NT_STATUS_ACCESS_DENIED

 ========================================= 
|    Share Enumeration on 10.10.16.124    |
 ========================================= 

	Sharename       Type      Comment
	---------       ----      -------
SMB1 disabled -- no workgroup available

[+] Attempting to map shares on 10.10.16.124

 ==================================================== 
|    Password Policy Information for 10.10.16.124    |
 ==================================================== 
[E] Unexpected error from polenum:


[+] Attaching to 10.10.16.124 using a NULL share

[+] Trying protocol 139/SMB...

	[!] Protocol failed: Cannot request session (Called Name:10.10.16.124)

[+] Trying protocol 445/SMB...

	[!] Protocol failed: SMB SessionError: STATUS_ACCESS_DENIED({Access Denied} A process has requested access to an object but has not been granted those access rights.)


[E] Failed to get password policy with rpcclient


 ============================== 
|    Groups on 10.10.16.124    |
 ============================== 

[+] Getting builtin groups:

[+] Getting builtin group memberships:

[+] Getting local groups:

[+] Getting local group memberships:

[+] Getting domain groups:

[+] Getting domain group memberships:

 ======================================================================= 
|    Users on 10.10.16.124 via RID cycling (RIDS: 500-550,1000-1050)    |
 ======================================================================= 
[E] Couldn't get SID: NT_STATUS_ACCESS_DENIED.  RID cycling not possible.

 ============================================= 
|    Getting printer info for 10.10.16.124    |
 ============================================= 
Could not initialise spoolss. Error was NT_STATUS_ACCESS_DENIED


enum4linux complete on Tue Feb 23 08:51:09 2021

